<?xml version="1.0" encoding="UTF-8"?>
<!-- Generated by org.testng.reporters.JUnitReportReporter -->
<testsuite skipped="0" hostname="ON-5CD6424S4V" name="Tests.ApplicationTests" tests="1" failures="0" timestamp="01 May 2018 17:59:10 GMT" time="0.013" errors="0">
  <testcase name="doLogin" time="0.013" classname="Tests.ApplicationTests"/>
</testsuite> <!-- Tests.ApplicationTests -->
